<?xml version="1.0" encoding="UTF-8"?>
<!-- Generated by org.testng.reporters.JUnitXMLReporter -->
<testsuite ignored="2" hostname="DESKTOP-KIS4N2E" failures="1" tests="2" name="Default test(failed)" time="0.063" errors="0" timestamp="2024-07-26T08:12:12 IST">
  <testcase classname="testNGKeywords.MyClass" name="d" time="0.012"/>
  <testcase classname="testNGKeywords.MyClass" name="c" time="0.004">
    <failure type="java.lang.AssertionError" message="null">
      <![CDATA[java.lang.AssertionError: null
at testNGKeywords.MyClass.c(MyClass.java:22)
at java.base/java.util.ArrayList.forEach(ArrayList.java:1597)
... Removed 27 stack frames]]>
    </failure>
  </testcase> <!-- c -->
  <testcase classname="testNGKeywords.MyClass" name="a" time="0.0">
    <ignored/>
  </testcase> <!-- a -->
  <testcase classname="testNGKeywords.MyClass" name="b" time="0.0">
    <ignored/>
  </testcase> <!-- b -->
</testsuite> <!-- Default test(failed) -->
