<?xml version="1.0" encoding="UTF-8"?>
<!-- Generated by org.testng.reporters.JUnitXMLReporter -->
<testsuite ignored="0" hostname="DESKTOP-KIS4N2E" failures="0" tests="12" name="my1stTest" time="0.184" errors="0" timestamp="2024-07-20T07:50:12 IST">
  <testcase classname="testNGXML.NewTest1" name="a" time="0.018"/>
  <testcase classname="testNGXML.NewTest1" name="b" time="0.001"/>
  <testcase classname="testNGXML.NewTest1" name="c" time="0.005"/>
  <testcase classname="testNGXML.NewTest1" name="d" time="0.004"/>
  <testcase classname="testNGXML.NewTest2" name="e" time="0.002"/>
  <testcase classname="testNGXML.NewTest2" name="f" time="0.004"/>
  <testcase classname="testNGXML.NewTest2" name="g" time="0.003"/>
  <testcase classname="testNGXML.NewTest2" name="h" time="0.003"/>
  <testcase classname="testNGXML.NewTest3" name="i" time="0.003"/>
  <testcase classname="testNGXML.NewTest3" name="j" time="0.002"/>
  <testcase classname="testNGXML.NewTest3" name="k" time="0.003"/>
  <testcase classname="testNGXML.NewTest3" name="l" time="0.002"/>
</testsuite> <!-- my1stTest -->
