<?xml version="1.0" encoding="UTF-8"?>
<!-- Generated by org.testng.reporters.JUnitXMLReporter -->
<testsuite ignored="0" hostname="DESKTOP-KIS4N2E" failures="2" tests="8" name="Test" time="0.171" errors="0" timestamp="2024-08-02T07:16:15 IST">
  <testcase classname="listenerStudy.MyClass2" name="g" time="0.023">
    <failure type="java.lang.AssertionError" message="null">
      <![CDATA[java.lang.AssertionError: null
at listenerStudy.MyClass2.g(MyClass2.java:22)
at java.base/java.util.ArrayList.forEach(ArrayList.java:1597)
... Removed 27 stack frames]]>
    </failure>
  </testcase> <!-- g -->
  <testcase classname="listenerStudy.MyClass2" name="h" time="0.003"/>
  <testcase classname="listenerStudy.MyClass2" name="e" time="0.004"/>
  <testcase classname="listenerStudy.MyClass2" name="f" time="0.001">
    <skipped/>
  </testcase> <!-- f -->
  <testcase classname="listenerStudy.MyClass1" name="a" time="0.025"/>
  <testcase classname="listenerStudy.MyClass1" name="c" time="0.002">
    <failure type="java.lang.AssertionError" message="null">
      <![CDATA[java.lang.AssertionError: null
at listenerStudy.MyClass1.c(MyClass1.java:22)
at java.base/java.util.ArrayList.forEach(ArrayList.java:1597)
... Removed 27 stack frames]]>
    </failure>
  </testcase> <!-- c -->
  <testcase classname="listenerStudy.MyClass1" name="d" time="0.001"/>
  <testcase classname="listenerStudy.MyClass1" name="b" time="0.001">
    <skipped/>
  </testcase> <!-- b -->
</testsuite> <!-- Test -->
