<?xml version="1.0" encoding="UTF-8"?>
<!-- Generated by org.testng.reporters.JUnitXMLReporter -->
<testsuite ignored="3" hostname="DESKTOP-KIS4N2E" failures="0" tests="1" name="Default test(failed)(failed)" time="0.054" errors="0" timestamp="2024-07-26T08:14:58 IST">
  <testcase classname="testNGKeywords.MyClass" name="c" time="0.01"/>
  <testcase classname="testNGKeywords.MyClass" name="d" time="0.0">
    <ignored/>
  </testcase> <!-- d -->
  <testcase classname="testNGKeywords.MyClass" name="a" time="0.0">
    <ignored/>
  </testcase> <!-- a -->
  <testcase classname="testNGKeywords.MyClass" name="b" time="0.0">
    <ignored/>
  </testcase> <!-- b -->
</testsuite> <!-- Default test(failed)(failed) -->
